2025-01-04 16:04:33,331 - INFO - Application started.
2025-01-04 16:05:24,147 - INFO - Application finished.
2025-01-04 16:05:30,686 - INFO - Application started.
2025-01-04 16:06:05,128 - INFO - Application finished.
2025-01-04 16:06:19,054 - INFO - Application started.
2025-01-04 16:06:46,852 - INFO - Application finished.
2025-01-04 16:06:50,208 - INFO - Application started.
2025-01-04 16:07:59,428 - INFO - Application finished.
2025-01-04 16:08:03,269 - INFO - Application started.
2025-01-04 16:08:28,915 - INFO - Application finished.
2025-01-04 16:09:16,763 - INFO - Application started.
2025-01-04 16:09:31,572 - INFO - Application finished.
2025-01-04 16:11:16,495 - INFO - Application started.
2025-01-04 16:11:32,806 - INFO - Application finished.
2025-01-04 16:22:21,797 - INFO - Application started.
2025-01-04 16:22:31,792 - INFO - Application finished.
2025-01-04 16:30:53,556 - INFO - Application started.
2025-01-04 16:31:05,760 - INFO - Application finished.
2025-01-04 16:31:25,319 - INFO - Application started.
2025-01-04 16:31:43,417 - INFO - Application finished.
2025-01-04 16:31:49,599 - INFO - Application started.
2025-01-04 16:31:58,059 - INFO - Application finished.
2025-01-04 16:32:11,785 - INFO - Application started.
2025-01-04 16:32:22,132 - INFO - Application finished.
2025-01-04 16:32:24,345 - INFO - Application started.
2025-01-04 16:32:36,434 - INFO - Application finished.
2025-01-04 17:31:07,098 - root - INFO - SQLite DB migration service initialized
2025-01-04 17:31:07,098 - root - INFO - Connected to SQLite DB at database/movies.db
2025-01-04 17:31:07,103 - root - INFO - Migrations table created
2025-01-04 17:32:53,249 - root - INFO - SQLite DB migration service initialized
2025-01-04 17:32:53,249 - root - INFO - Connected to SQLite DB at database/movies.db
2025-01-04 17:32:53,250 - root - INFO - No new migrations to apply
2025-01-04 17:33:00,985 - root - INFO - SQLite DB migration service initialized
2025-01-04 17:33:00,986 - root - INFO - Connected to SQLite DB at database/movies.db
2025-01-04 17:33:00,986 - root - INFO - No new migrations to apply
2025-01-04 18:00:05,596 - root - INFO - SQLite DB migration service initialized
2025-01-04 18:00:05,597 - root - INFO - Connected to SQLite DB at database/movies.db
2025-01-04 18:00:05,597 - root - INFO - No new migrations to apply
2025-01-04 18:00:07,608 - root - INFO - SQLite DB migration service initialized
2025-01-04 18:00:07,608 - root - INFO - Connected to SQLite DB at database/movies.db
2025-01-04 18:00:07,609 - root - INFO - No new migrations to apply
2025-01-04 18:03:59,709 - root - INFO - SQLite DB migration service initialized
2025-01-04 18:03:59,710 - root - INFO - Connected to SQLite DB at database/movies.db
2025-01-04 18:03:59,710 - root - INFO - No new migrations to apply
2025-01-04 18:06:06,494 - root - INFO - SQLite DB migration service initialized
2025-01-04 18:06:06,494 - root - INFO - Connected to SQLite DB at database/movies.db
2025-01-04 18:06:06,495 - root - INFO - No new migrations to apply
2025-01-04 18:08:20,606 - root - INFO - SQLite DB migration service initialized
2025-01-04 18:08:20,606 - root - INFO - Connected to SQLite DB at database/movies.db
2025-01-04 18:08:20,607 - root - INFO - Applying migration: 0.sql
2025-01-04 18:08:20,607 - root - INFO - SQL executed successfully
2025-01-04 18:08:20,613 - root - INFO - Migration '0.sql' recorded in database
2025-01-04 18:08:20,613 - root - INFO - Applying migration: 1.sql
2025-01-04 18:08:20,618 - root - INFO - SQL executed successfully
2025-01-04 18:08:20,623 - root - INFO - Migration '1.sql' recorded in database
2025-01-04 18:08:20,623 - root - INFO - 2 migrations applied successfully
2025-01-04 18:20:32,176 - root - INFO - SQLite DB migration service initialized
2025-01-04 18:20:32,176 - root - INFO - Connected to SQLite DB at database/movies.db
2025-01-04 18:20:32,177 - root - INFO - No new migrations to apply
2025-01-04 18:20:42,641 - root - INFO - SQLite DB migration service initialized
2025-01-04 18:20:42,641 - root - INFO - Connected to SQLite DB at database/movies.db
2025-01-04 18:20:42,642 - root - INFO - No new migrations to apply
2025-01-04 18:28:06,852 - root - INFO - SQLite DB migration service initialized
2025-01-04 18:28:06,852 - root - INFO - Connected to SQLite DB at database/movies.db
2025-01-04 18:28:06,853 - root - INFO - Applying migration: 0.sql
2025-01-04 18:28:06,853 - root - INFO - SQL executed successfully
2025-01-04 18:29:15,075 - root - INFO - SQLite DB migration service initialized
2025-01-04 18:29:15,075 - root - INFO - Connected to SQLite DB at database/movies.db
2025-01-04 18:29:15,076 - root - INFO - Applying migration: 0.sql
2025-01-04 18:29:15,077 - root - INFO - SQL executed successfully
2025-01-04 18:29:15,083 - root - INFO - Migration '0.sql' recorded in database
2025-01-04 18:29:15,083 - root - INFO - Applying migration: 1.sql
2025-01-04 18:29:15,088 - root - INFO - SQL executed successfully
2025-01-04 18:29:15,093 - root - INFO - Migration '1.sql' recorded in database
2025-01-04 18:29:15,093 - root - INFO - 2 migrations applied successfully
